Analysis & Synthesis report for palmprint_PSO
Thu May 05 17:35:27 2022
Quartus II 64-Bit Version 13.0.0 Build 156 04/24/2013 SJ Web Edition


---------------------
; Table of Contents ;
---------------------
  1. Legal Notice
  2. Analysis & Synthesis Summary
  3. Analysis & Synthesis Settings
  4. Parallel Compilation
  5. Analysis & Synthesis Source Files Read
  6. Analysis & Synthesis Resource Usage Summary
  7. Analysis & Synthesis Resource Utilization by Entity
  8. General Register Statistics
  9. Elapsed Time Per Partition
 10. Analysis & Synthesis Messages



----------------
; Legal Notice ;
----------------
Copyright (C) 1991-2013 Altera Corporation
Your use of Altera Corporation's design tools, logic functions 
and other software and tools, and its AMPP partner logic 
functions, and any output files from any of the foregoing 
(including device programming or simulation files), and any 
associated documentation or information are expressly subject 
to the terms and conditions of the Altera Program License 
Subscription Agreement, Altera MegaCore Function License 
Agreement, or other applicable license agreement, including, 
without limitation, that your use is for the sole purpose of 
programming logic devices manufactured by Altera and sold by 
Altera or its authorized distributors.  Please refer to the 
applicable agreement for further details.



+---------------------------------------------------------------------------------+
; Analysis & Synthesis Summary                                                    ;
+------------------------------------+--------------------------------------------+
; Analysis & Synthesis Status        ; Successful - Thu May 05 17:35:27 2022      ;
; Quartus II 64-Bit Version          ; 13.0.0 Build 156 04/24/2013 SJ Web Edition ;
; Revision Name                      ; palmprint_PSO                              ;
; Top-level Entity Name              ; palmprint_PSO                              ;
; Family                             ; Cyclone IV GX                              ;
; Total logic elements               ; 0                                          ;
;     Total combinational functions  ; 0                                          ;
;     Dedicated logic registers      ; 0                                          ;
; Total registers                    ; 0                                          ;
; Total pins                         ; 160                                        ;
; Total virtual pins                 ; 0                                          ;
; Total memory bits                  ; 0                                          ;
; Embedded Multiplier 9-bit elements ; 0                                          ;
; Total GXB Receiver Channel PCS     ; 0                                          ;
; Total GXB Receiver Channel PMA     ; 0                                          ;
; Total GXB Transmitter Channel PCS  ; 0                                          ;
; Total GXB Transmitter Channel PMA  ; 0                                          ;
; Total PLLs                         ; 0                                          ;
+------------------------------------+--------------------------------------------+


+----------------------------------------------------------------------------------------------------------------------+
; Analysis & Synthesis Settings                                                                                        ;
+----------------------------------------------------------------------------+--------------------+--------------------+
; Option                                                                     ; Setting            ; Default Value      ;
+----------------------------------------------------------------------------+--------------------+--------------------+
; Device                                                                     ; EP4CGX30CF23C6     ;                    ;
; Top-level entity name                                                      ; palmprint_PSO      ; palmprint_PSO      ;
; Family name                                                                ; Cyclone IV GX      ; Cyclone IV GX      ;
; Use smart compilation                                                      ; Off                ; Off                ;
; Enable parallel Assembler and TimeQuest Timing Analyzer during compilation ; On                 ; On                 ;
; Enable compact report table                                                ; Off                ; Off                ;
; Restructure Multiplexers                                                   ; Auto               ; Auto               ;
; Create Debugging Nodes for IP Cores                                        ; Off                ; Off                ;
; Preserve fewer node names                                                  ; On                 ; On                 ;
; Disable OpenCore Plus hardware evaluation                                  ; Off                ; Off                ;
; Verilog Version                                                            ; Verilog_2001       ; Verilog_2001       ;
; VHDL Version                                                               ; VHDL_1993          ; VHDL_1993          ;
; State Machine Processing                                                   ; Auto               ; Auto               ;
; Safe State Machine                                                         ; Off                ; Off                ;
; Extract Verilog State Machines                                             ; On                 ; On                 ;
; Extract VHDL State Machines                                                ; On                 ; On                 ;
; Ignore Verilog initial constructs                                          ; Off                ; Off                ;
; Iteration limit for constant Verilog loops                                 ; 5000               ; 5000               ;
; Iteration limit for non-constant Verilog loops                             ; 250                ; 250                ;
; Add Pass-Through Logic to Inferred RAMs                                    ; On                 ; On                 ;
; Infer RAMs from Raw Logic                                                  ; On                 ; On                 ;
; Parallel Synthesis                                                         ; On                 ; On                 ;
; DSP Block Balancing                                                        ; Auto               ; Auto               ;
; NOT Gate Push-Back                                                         ; On                 ; On                 ;
; Power-Up Don't Care                                                        ; On                 ; On                 ;
; Remove Redundant Logic Cells                                               ; Off                ; Off                ;
; Remove Duplicate Registers                                                 ; On                 ; On                 ;
; Ignore CARRY Buffers                                                       ; Off                ; Off                ;
; Ignore CASCADE Buffers                                                     ; Off                ; Off                ;
; Ignore GLOBAL Buffers                                                      ; Off                ; Off                ;
; Ignore ROW GLOBAL Buffers                                                  ; Off                ; Off                ;
; Ignore LCELL Buffers                                                       ; Off                ; Off                ;
; Ignore SOFT Buffers                                                        ; On                 ; On                 ;
; Limit AHDL Integers to 32 Bits                                             ; Off                ; Off                ;
; Optimization Technique                                                     ; Balanced           ; Balanced           ;
; Carry Chain Length                                                         ; 70                 ; 70                 ;
; Auto Carry Chains                                                          ; On                 ; On                 ;
; Auto Open-Drain Pins                                                       ; On                 ; On                 ;
; Perform WYSIWYG Primitive Resynthesis                                      ; Off                ; Off                ;
; Auto ROM Replacement                                                       ; On                 ; On                 ;
; Auto RAM Replacement                                                       ; On                 ; On                 ;
; Auto DSP Block Replacement                                                 ; On                 ; On                 ;
; Auto Shift Register Replacement                                            ; Auto               ; Auto               ;
; Allow Shift Register Merging across Hierarchies                            ; Auto               ; Auto               ;
; Auto Clock Enable Replacement                                              ; On                 ; On                 ;
; Strict RAM Replacement                                                     ; Off                ; Off                ;
; Allow Synchronous Control Signals                                          ; On                 ; On                 ;
; Force Use of Synchronous Clear Signals                                     ; Off                ; Off                ;
; Auto RAM Block Balancing                                                   ; On                 ; On                 ;
; Auto RAM to Logic Cell Conversion                                          ; Off                ; Off                ;
; Auto Resource Sharing                                                      ; Off                ; Off                ;
; Allow Any RAM Size For Recognition                                         ; Off                ; Off                ;
; Allow Any ROM Size For Recognition                                         ; Off                ; Off                ;
; Allow Any Shift Register Size For Recognition                              ; Off                ; Off                ;
; Use LogicLock Constraints during Resource Balancing                        ; On                 ; On                 ;
; Ignore translate_off and synthesis_off directives                          ; Off                ; Off                ;
; Timing-Driven Synthesis                                                    ; On                 ; On                 ;
; Report Parameter Settings                                                  ; On                 ; On                 ;
; Report Source Assignments                                                  ; On                 ; On                 ;
; Report Connectivity Checks                                                 ; On                 ; On                 ;
; Ignore Maximum Fan-Out Assignments                                         ; Off                ; Off                ;
; Synchronization Register Chain Length                                      ; 2                  ; 2                  ;
; PowerPlay Power Optimization                                               ; Normal compilation ; Normal compilation ;
; HDL message level                                                          ; Level2             ; Level2             ;
; Suppress Register Optimization Related Messages                            ; Off                ; Off                ;
; Number of Removed Registers Reported in Synthesis Report                   ; 5000               ; 5000               ;
; Number of Swept Nodes Reported in Synthesis Report                         ; 5000               ; 5000               ;
; Number of Inverted Registers Reported in Synthesis Report                  ; 100                ; 100                ;
; Clock MUX Protection                                                       ; On                 ; On                 ;
; Auto Gated Clock Conversion                                                ; Off                ; Off                ;
; Block Design Naming                                                        ; Auto               ; Auto               ;
; SDC constraint protection                                                  ; Off                ; Off                ;
; Synthesis Effort                                                           ; Auto               ; Auto               ;
; Shift Register Replacement - Allow Asynchronous Clear Signal               ; On                 ; On                 ;
; Pre-Mapping Resynthesis Optimization                                       ; Off                ; Off                ;
; Analysis & Synthesis Message Level                                         ; Medium             ; Medium             ;
; Disable Register Merging Across Hierarchies                                ; Auto               ; Auto               ;
; Resource Aware Inference For Block RAM                                     ; On                 ; On                 ;
; Synthesis Seed                                                             ; 1                  ; 1                  ;
+----------------------------------------------------------------------------+--------------------+--------------------+


Parallel compilation was disabled, but you have multiple processors available. Enable parallel compilation to reduce compilation time.
+-------------------------------------+
; Parallel Compilation                ;
+----------------------------+--------+
; Processors                 ; Number ;
+----------------------------+--------+
; Number detected on machine ; 4      ;
; Maximum allowed            ; 1      ;
+----------------------------+--------+


+-------------------------------------------------------------------------------------------------------------------------------------------------------+
; Analysis & Synthesis Source Files Read                                                                                                                ;
+----------------------------------+-----------------+------------------------------------+---------------------------------------------------+---------+
; File Name with User-Entered Path ; Used in Netlist ; File Type                          ; File Name with Absolute Path                      ; Library ;
+----------------------------------+-----------------+------------------------------------+---------------------------------------------------+---------+
; palmprint_PSO.bdf                ; yes             ; User Block Diagram/Schematic File  ; C:/altera/13.0/palmprint_PSO/palmprint_PSO.bdf    ;         ;
; mux_2to1.vhd                     ; yes             ; User VHDL File                     ; C:/altera/13.0/palmprint_PSO/mux_2to1.vhd         ;         ;
; demux_1to4.vhd                   ; yes             ; User VHDL File                     ; C:/altera/13.0/palmprint_PSO/demux_1to4.vhd       ;         ;
; mux_4to1.vhd                     ; yes             ; User VHDL File                     ; C:/altera/13.0/palmprint_PSO/mux_4to1.vhd         ;         ;
; register32.vhd                   ; yes             ; User VHDL File                     ; C:/altera/13.0/palmprint_PSO/register32.vhd       ;         ;
; multiplier_32bit.vhd             ; yes             ; User VHDL File                     ; C:/altera/13.0/palmprint_PSO/multiplier_32bit.vhd ;         ;
; demux_1to2.vhd                   ; yes             ; User VHDL File                     ; C:/altera/13.0/palmprint_PSO/demux_1to2.vhd       ;         ;
; adder_32bit.vhd                  ; yes             ; User VHDL File                     ; C:/altera/13.0/palmprint_PSO/adder_32bit.vhd      ;         ;
; latch_32bit.vhd                  ; yes             ; User VHDL File                     ; C:/altera/13.0/palmprint_PSO/latch_32bit.vhd      ;         ;
+----------------------------------+-----------------+------------------------------------+---------------------------------------------------+---------+


+----------------------------------------------+
; Analysis & Synthesis Resource Usage Summary  ;
+--------------------------+-------------------+
; Resource                 ; Usage             ;
+--------------------------+-------------------+
; I/O pins                 ; 160               ;
; DSP block 9-bit elements ; 0                 ;
; Maximum fan-out node     ; output[31]~output ;
; Maximum fan-out          ; 1                 ;
; Total fan-out            ; 160               ;
; Average fan-out          ; 0.50              ;
+--------------------------+-------------------+


+-----------------------------------------------------------------------------------------------------------------------------------------------------------------------------------------+
; Analysis & Synthesis Resource Utilization by Entity                                                                                                                                     ;
+----------------------------+-------------------+--------------+-------------+--------------+---------+-----------+-----------+------+--------------+---------------------+--------------+
; Compilation Hierarchy Node ; LC Combinationals ; LC Registers ; Memory Bits ; DSP Elements ; DSP 9x9 ; DSP 18x18 ; DSP 36x36 ; Pins ; Virtual Pins ; Full Hierarchy Name ; Library Name ;
+----------------------------+-------------------+--------------+-------------+--------------+---------+-----------+-----------+------+--------------+---------------------+--------------+
; |palmprint_PSO             ; 0 (0)             ; 0 (0)        ; 0           ; 0            ; 0       ; 0         ; 0         ; 160  ; 0            ; |palmprint_PSO      ;              ;
+----------------------------+-------------------+--------------+-------------+--------------+---------+-----------+-----------+------+--------------+---------------------+--------------+
Note: For table entries with two numbers listed, the numbers in parentheses indicate the number of resources of the given type used by the specific entity alone. The numbers listed outside of parentheses indicate the total resources of the given type used by the specific entity and all of its sub-entities in the hierarchy.


+------------------------------------------------------+
; General Register Statistics                          ;
+----------------------------------------------+-------+
; Statistic                                    ; Value ;
+----------------------------------------------+-------+
; Total registers                              ; 0     ;
; Number of registers using Synchronous Clear  ; 0     ;
; Number of registers using Synchronous Load   ; 0     ;
; Number of registers using Asynchronous Clear ; 0     ;
; Number of registers using Asynchronous Load  ; 0     ;
; Number of registers using Clock Enable       ; 0     ;
; Number of registers using Preset             ; 0     ;
+----------------------------------------------+-------+


+-------------------------------+
; Elapsed Time Per Partition    ;
+----------------+--------------+
; Partition Name ; Elapsed Time ;
+----------------+--------------+
; Top            ; 00:00:00     ;
+----------------+--------------+


+-------------------------------+
; Analysis & Synthesis Messages ;
+-------------------------------+
Info: *******************************************************************
Info: Running Quartus II 64-Bit Analysis & Synthesis
    Info: Version 13.0.0 Build 156 04/24/2013 SJ Web Edition
    Info: Processing started: Thu May 05 17:35:25 2022
Info: Command: quartus_map --read_settings_files=on --write_settings_files=off palmprint_PSO -c palmprint_PSO
Warning (20028): Parallel compilation is not licensed and has been disabled
Info (12021): Found 1 design units, including 1 entities, in source file palmprint_pso.bdf
    Info (12023): Found entity 1: palmprint_PSO
Info (12021): Found 2 design units, including 1 entities, in source file mux_2to1.vhd
    Info (12022): Found design unit 1: mux_2to1-Behavioral
    Info (12023): Found entity 1: mux_2to1
Info (12021): Found 2 design units, including 1 entities, in source file demux_1to4.vhd
    Info (12022): Found design unit 1: demux_1to4-Behavioral
    Info (12023): Found entity 1: demux_1to4
Info (12021): Found 2 design units, including 1 entities, in source file mux_4to1.vhd
    Info (12022): Found design unit 1: mux_4to1-Behavioral
    Info (12023): Found entity 1: mux_4to1
Info (12021): Found 2 design units, including 1 entities, in source file register32.vhd
    Info (12022): Found design unit 1: register32-description
    Info (12023): Found entity 1: register32
Info (12021): Found 2 design units, including 1 entities, in source file multiplier_32bit.vhd
    Info (12022): Found design unit 1: multiplier_32bit-bhv
    Info (12023): Found entity 1: multiplier_32bit
Info (12021): Found 2 design units, including 1 entities, in source file demux_1to2.vhd
    Info (12022): Found design unit 1: demux_1to2-Behavioral
    Info (12023): Found entity 1: demux_1to2
Info (12021): Found 2 design units, including 1 entities, in source file adder_32bit.vhd
    Info (12022): Found design unit 1: adder_32bit-behavioural
    Info (12023): Found entity 1: adder_32bit
Info (12021): Found 2 design units, including 1 entities, in source file latch_32bit.vhd
    Info (12022): Found design unit 1: latch_32bit-Behavioral
    Info (12023): Found entity 1: latch_32bit
Info (12127): Elaborating entity "palmprint_PSO" for the top level hierarchy
Info (12128): Elaborating entity "register32" for hierarchy "register32:Violet"
Warning (10631): VHDL Process Statement warning at register32.vhd(18): inferring latch(es) for signal or variable "q", which holds its previous value in one or more paths through the process
Info (10041): Inferred latch for "q[0]" at register32.vhd(18)
Info (10041): Inferred latch for "q[1]" at register32.vhd(18)
Info (10041): Inferred latch for "q[2]" at register32.vhd(18)
Info (10041): Inferred latch for "q[3]" at register32.vhd(18)
Info (10041): Inferred latch for "q[4]" at register32.vhd(18)
Info (10041): Inferred latch for "q[5]" at register32.vhd(18)
Info (10041): Inferred latch for "q[6]" at register32.vhd(18)
Info (10041): Inferred latch for "q[7]" at register32.vhd(18)
Info (10041): Inferred latch for "q[8]" at register32.vhd(18)
Info (10041): Inferred latch for "q[9]" at register32.vhd(18)
Info (10041): Inferred latch for "q[10]" at register32.vhd(18)
Info (10041): Inferred latch for "q[11]" at register32.vhd(18)
Info (10041): Inferred latch for "q[12]" at register32.vhd(18)
Info (10041): Inferred latch for "q[13]" at register32.vhd(18)
Info (10041): Inferred latch for "q[14]" at register32.vhd(18)
Info (10041): Inferred latch for "q[15]" at register32.vhd(18)
Info (10041): Inferred latch for "q[16]" at register32.vhd(18)
Info (10041): Inferred latch for "q[17]" at register32.vhd(18)
Info (10041): Inferred latch for "q[18]" at register32.vhd(18)
Info (10041): Inferred latch for "q[19]" at register32.vhd(18)
Info (10041): Inferred latch for "q[20]" at register32.vhd(18)
Info (10041): Inferred latch for "q[21]" at register32.vhd(18)
Info (10041): Inferred latch for "q[22]" at register32.vhd(18)
Info (10041): Inferred latch for "q[23]" at register32.vhd(18)
Info (10041): Inferred latch for "q[24]" at register32.vhd(18)
Info (10041): Inferred latch for "q[25]" at register32.vhd(18)
Info (10041): Inferred latch for "q[26]" at register32.vhd(18)
Info (10041): Inferred latch for "q[27]" at register32.vhd(18)
Info (10041): Inferred latch for "q[28]" at register32.vhd(18)
Info (10041): Inferred latch for "q[29]" at register32.vhd(18)
Info (10041): Inferred latch for "q[30]" at register32.vhd(18)
Info (10041): Inferred latch for "q[31]" at register32.vhd(18)
Info (12128): Elaborating entity "demux_1to4" for hierarchy "demux_1to4:demux4_ins1"
Info (12128): Elaborating entity "latch_32bit" for hierarchy "latch_32bit:latch_ins9"
Warning (10631): VHDL Process Statement warning at latch_32bit.vhd(13): inferring latch(es) for signal or variable "Q", which holds its previous value in one or more paths through the process
Info (10041): Inferred latch for "Q[0]" at latch_32bit.vhd(13)
Info (10041): Inferred latch for "Q[1]" at latch_32bit.vhd(13)
Info (10041): Inferred latch for "Q[2]" at latch_32bit.vhd(13)
Info (10041): Inferred latch for "Q[3]" at latch_32bit.vhd(13)
Info (10041): Inferred latch for "Q[4]" at latch_32bit.vhd(13)
Info (10041): Inferred latch for "Q[5]" at latch_32bit.vhd(13)
Info (10041): Inferred latch for "Q[6]" at latch_32bit.vhd(13)
Info (10041): Inferred latch for "Q[7]" at latch_32bit.vhd(13)
Info (10041): Inferred latch for "Q[8]" at latch_32bit.vhd(13)
Info (10041): Inferred latch for "Q[9]" at latch_32bit.vhd(13)
Info (10041): Inferred latch for "Q[10]" at latch_32bit.vhd(13)
Info (10041): Inferred latch for "Q[11]" at latch_32bit.vhd(13)
Info (10041): Inferred latch for "Q[12]" at latch_32bit.vhd(13)
Info (10041): Inferred latch for "Q[13]" at latch_32bit.vhd(13)
Info (10041): Inferred latch for "Q[14]" at latch_32bit.vhd(13)
Info (10041): Inferred latch for "Q[15]" at latch_32bit.vhd(13)
Info (10041): Inferred latch for "Q[16]" at latch_32bit.vhd(13)
Info (10041): Inferred latch for "Q[17]" at latch_32bit.vhd(13)
Info (10041): Inferred latch for "Q[18]" at latch_32bit.vhd(13)
Info (10041): Inferred latch for "Q[19]" at latch_32bit.vhd(13)
Info (10041): Inferred latch for "Q[20]" at latch_32bit.vhd(13)
Info (10041): Inferred latch for "Q[21]" at latch_32bit.vhd(13)
Info (10041): Inferred latch for "Q[22]" at latch_32bit.vhd(13)
Info (10041): Inferred latch for "Q[23]" at latch_32bit.vhd(13)
Info (10041): Inferred latch for "Q[24]" at latch_32bit.vhd(13)
Info (10041): Inferred latch for "Q[25]" at latch_32bit.vhd(13)
Info (10041): Inferred latch for "Q[26]" at latch_32bit.vhd(13)
Info (10041): Inferred latch for "Q[27]" at latch_32bit.vhd(13)
Info (10041): Inferred latch for "Q[28]" at latch_32bit.vhd(13)
Info (10041): Inferred latch for "Q[29]" at latch_32bit.vhd(13)
Info (10041): Inferred latch for "Q[30]" at latch_32bit.vhd(13)
Info (10041): Inferred latch for "Q[31]" at latch_32bit.vhd(13)
Info (12128): Elaborating entity "adder_32bit" for hierarchy "adder_32bit:A1"
Warning (10631): VHDL Process Statement warning at adder_32bit.vhd(20): inferring latch(es) for signal or variable "temp", which holds its previous value in one or more paths through the process
Info (10041): Inferred latch for "temp[0]" at adder_32bit.vhd(20)
Info (10041): Inferred latch for "temp[1]" at adder_32bit.vhd(20)
Info (10041): Inferred latch for "temp[2]" at adder_32bit.vhd(20)
Info (10041): Inferred latch for "temp[3]" at adder_32bit.vhd(20)
Info (10041): Inferred latch for "temp[4]" at adder_32bit.vhd(20)
Info (10041): Inferred latch for "temp[5]" at adder_32bit.vhd(20)
Info (10041): Inferred latch for "temp[6]" at adder_32bit.vhd(20)
Info (10041): Inferred latch for "temp[7]" at adder_32bit.vhd(20)
Info (10041): Inferred latch for "temp[8]" at adder_32bit.vhd(20)
Info (10041): Inferred latch for "temp[9]" at adder_32bit.vhd(20)
Info (10041): Inferred latch for "temp[10]" at adder_32bit.vhd(20)
Info (10041): Inferred latch for "temp[11]" at adder_32bit.vhd(20)
Info (10041): Inferred latch for "temp[12]" at adder_32bit.vhd(20)
Info (10041): Inferred latch for "temp[13]" at adder_32bit.vhd(20)
Info (10041): Inferred latch for "temp[14]" at adder_32bit.vhd(20)
Info (10041): Inferred latch for "temp[15]" at adder_32bit.vhd(20)
Info (10041): Inferred latch for "temp[16]" at adder_32bit.vhd(20)
Info (10041): Inferred latch for "temp[17]" at adder_32bit.vhd(20)
Info (10041): Inferred latch for "temp[18]" at adder_32bit.vhd(20)
Info (10041): Inferred latch for "temp[19]" at adder_32bit.vhd(20)
Info (10041): Inferred latch for "temp[20]" at adder_32bit.vhd(20)
Info (10041): Inferred latch for "temp[21]" at adder_32bit.vhd(20)
Info (10041): Inferred latch for "temp[22]" at adder_32bit.vhd(20)
Info (10041): Inferred latch for "temp[23]" at adder_32bit.vhd(20)
Info (10041): Inferred latch for "temp[24]" at adder_32bit.vhd(20)
Info (10041): Inferred latch for "temp[25]" at adder_32bit.vhd(20)
Info (10041): Inferred latch for "temp[26]" at adder_32bit.vhd(20)
Info (10041): Inferred latch for "temp[27]" at adder_32bit.vhd(20)
Info (10041): Inferred latch for "temp[28]" at adder_32bit.vhd(20)
Info (10041): Inferred latch for "temp[29]" at adder_32bit.vhd(20)
Info (10041): Inferred latch for "temp[30]" at adder_32bit.vhd(20)
Info (10041): Inferred latch for "temp[31]" at adder_32bit.vhd(20)
Info (10041): Inferred latch for "temp[32]" at adder_32bit.vhd(20)
Info (12128): Elaborating entity "mux_4to1" for hierarchy "mux_4to1:mux4_ins1"
Info (12128): Elaborating entity "demux_1to2" for hierarchy "demux_1to2:demux2_ins2"
Info (12128): Elaborating entity "mux_2to1" for hierarchy "mux_2to1:mux2_ins2"
Info (12128): Elaborating entity "multiplier_32bit" for hierarchy "multiplier_32bit:M1"
Warning (10492): VHDL Process Statement warning at multiplier_32bit.vhd(24): signal "Reg1" is read inside the Process Statement but isn't in the Process Statement's sensitivity list
Warning (10492): VHDL Process Statement warning at multiplier_32bit.vhd(24): signal "Reg2" is read inside the Process Statement but isn't in the Process Statement's sensitivity list
Warning (10492): VHDL Process Statement warning at multiplier_32bit.vhd(25): signal "Reg_x" is read inside the Process Statement but isn't in the Process Statement's sensitivity list
Warning (10631): VHDL Process Statement warning at multiplier_32bit.vhd(21): inferring latch(es) for signal or variable "Reg_x", which holds its previous value in one or more paths through the process
Warning (10631): VHDL Process Statement warning at multiplier_32bit.vhd(21): inferring latch(es) for signal or variable "S", which holds its previous value in one or more paths through the process
Info (10041): Inferred latch for "S[0]" at multiplier_32bit.vhd(21)
Info (10041): Inferred latch for "S[1]" at multiplier_32bit.vhd(21)
Info (10041): Inferred latch for "S[2]" at multiplier_32bit.vhd(21)
Info (10041): Inferred latch for "S[3]" at multiplier_32bit.vhd(21)
Info (10041): Inferred latch for "S[4]" at multiplier_32bit.vhd(21)
Info (10041): Inferred latch for "S[5]" at multiplier_32bit.vhd(21)
Info (10041): Inferred latch for "S[6]" at multiplier_32bit.vhd(21)
Info (10041): Inferred latch for "S[7]" at multiplier_32bit.vhd(21)
Info (10041): Inferred latch for "S[8]" at multiplier_32bit.vhd(21)
Info (10041): Inferred latch for "S[9]" at multiplier_32bit.vhd(21)
Info (10041): Inferred latch for "S[10]" at multiplier_32bit.vhd(21)
Info (10041): Inferred latch for "S[11]" at multiplier_32bit.vhd(21)
Info (10041): Inferred latch for "S[12]" at multiplier_32bit.vhd(21)
Info (10041): Inferred latch for "S[13]" at multiplier_32bit.vhd(21)
Info (10041): Inferred latch for "S[14]" at multiplier_32bit.vhd(21)
Info (10041): Inferred latch for "S[15]" at multiplier_32bit.vhd(21)
Info (10041): Inferred latch for "S[16]" at multiplier_32bit.vhd(21)
Info (10041): Inferred latch for "S[17]" at multiplier_32bit.vhd(21)
Info (10041): Inferred latch for "S[18]" at multiplier_32bit.vhd(21)
Info (10041): Inferred latch for "S[19]" at multiplier_32bit.vhd(21)
Info (10041): Inferred latch for "S[20]" at multiplier_32bit.vhd(21)
Info (10041): Inferred latch for "S[21]" at multiplier_32bit.vhd(21)
Info (10041): Inferred latch for "S[22]" at multiplier_32bit.vhd(21)
Info (10041): Inferred latch for "S[23]" at multiplier_32bit.vhd(21)
Info (10041): Inferred latch for "S[24]" at multiplier_32bit.vhd(21)
Info (10041): Inferred latch for "S[25]" at multiplier_32bit.vhd(21)
Info (10041): Inferred latch for "S[26]" at multiplier_32bit.vhd(21)
Info (10041): Inferred latch for "S[27]" at multiplier_32bit.vhd(21)
Info (10041): Inferred latch for "S[28]" at multiplier_32bit.vhd(21)
Info (10041): Inferred latch for "S[29]" at multiplier_32bit.vhd(21)
Info (10041): Inferred latch for "S[30]" at multiplier_32bit.vhd(21)
Info (10041): Inferred latch for "S[31]" at multiplier_32bit.vhd(21)
Info (10041): Inferred latch for "Reg_x[0]" at multiplier_32bit.vhd(21)
Info (10041): Inferred latch for "Reg_x[1]" at multiplier_32bit.vhd(21)
Info (10041): Inferred latch for "Reg_x[2]" at multiplier_32bit.vhd(21)
Info (10041): Inferred latch for "Reg_x[3]" at multiplier_32bit.vhd(21)
Info (10041): Inferred latch for "Reg_x[4]" at multiplier_32bit.vhd(21)
Info (10041): Inferred latch for "Reg_x[5]" at multiplier_32bit.vhd(21)
Info (10041): Inferred latch for "Reg_x[6]" at multiplier_32bit.vhd(21)
Info (10041): Inferred latch for "Reg_x[7]" at multiplier_32bit.vhd(21)
Info (10041): Inferred latch for "Reg_x[8]" at multiplier_32bit.vhd(21)
Info (10041): Inferred latch for "Reg_x[9]" at multiplier_32bit.vhd(21)
Info (10041): Inferred latch for "Reg_x[10]" at multiplier_32bit.vhd(21)
Info (10041): Inferred latch for "Reg_x[11]" at multiplier_32bit.vhd(21)
Info (10041): Inferred latch for "Reg_x[12]" at multiplier_32bit.vhd(21)
Info (10041): Inferred latch for "Reg_x[13]" at multiplier_32bit.vhd(21)
Info (10041): Inferred latch for "Reg_x[14]" at multiplier_32bit.vhd(21)
Info (10041): Inferred latch for "Reg_x[15]" at multiplier_32bit.vhd(21)
Info (10041): Inferred latch for "Reg_x[16]" at multiplier_32bit.vhd(21)
Info (10041): Inferred latch for "Reg_x[17]" at multiplier_32bit.vhd(21)
Info (10041): Inferred latch for "Reg_x[18]" at multiplier_32bit.vhd(21)
Info (10041): Inferred latch for "Reg_x[19]" at multiplier_32bit.vhd(21)
Info (10041): Inferred latch for "Reg_x[20]" at multiplier_32bit.vhd(21)
Info (10041): Inferred latch for "Reg_x[21]" at multiplier_32bit.vhd(21)
Info (10041): Inferred latch for "Reg_x[22]" at multiplier_32bit.vhd(21)
Info (10041): Inferred latch for "Reg_x[23]" at multiplier_32bit.vhd(21)
Info (10041): Inferred latch for "Reg_x[24]" at multiplier_32bit.vhd(21)
Info (10041): Inferred latch for "Reg_x[25]" at multiplier_32bit.vhd(21)
Info (10041): Inferred latch for "Reg_x[26]" at multiplier_32bit.vhd(21)
Info (10041): Inferred latch for "Reg_x[27]" at multiplier_32bit.vhd(21)
Info (10041): Inferred latch for "Reg_x[28]" at multiplier_32bit.vhd(21)
Info (10041): Inferred latch for "Reg_x[29]" at multiplier_32bit.vhd(21)
Info (10041): Inferred latch for "Reg_x[30]" at multiplier_32bit.vhd(21)
Info (10041): Inferred latch for "Reg_x[31]" at multiplier_32bit.vhd(21)
Warning (14025): LATCH primitive "latch_32bit:latch_ins8|Q[1]" is permanently disabled
Warning (14025): LATCH primitive "latch_32bit:latch_ins8|Q[2]" is permanently disabled
Warning (14025): LATCH primitive "latch_32bit:latch_ins8|Q[3]" is permanently disabled
Warning (14025): LATCH primitive "latch_32bit:latch_ins8|Q[4]" is permanently disabled
Warning (14025): LATCH primitive "latch_32bit:latch_ins8|Q[5]" is permanently disabled
Warning (14025): LATCH primitive "latch_32bit:latch_ins8|Q[6]" is permanently disabled
Warning (14025): LATCH primitive "latch_32bit:latch_ins8|Q[7]" is permanently disabled
Warning (14025): LATCH primitive "latch_32bit:latch_ins8|Q[8]" is permanently disabled
Warning (14025): LATCH primitive "latch_32bit:latch_ins8|Q[9]" is permanently disabled
Warning (14025): LATCH primitive "latch_32bit:latch_ins8|Q[10]" is permanently disabled
Warning (14025): LATCH primitive "latch_32bit:latch_ins8|Q[11]" is permanently disabled
Warning (14025): LATCH primitive "latch_32bit:latch_ins8|Q[12]" is permanently disabled
Warning (14025): LATCH primitive "latch_32bit:latch_ins8|Q[13]" is permanently disabled
Warning (14025): LATCH primitive "latch_32bit:latch_ins8|Q[14]" is permanently disabled
Warning (14025): LATCH primitive "latch_32bit:latch_ins8|Q[15]" is permanently disabled
Warning (14025): LATCH primitive "latch_32bit:latch_ins8|Q[16]" is permanently disabled
Warning (14025): LATCH primitive "latch_32bit:latch_ins8|Q[17]" is permanently disabled
Warning (14025): LATCH primitive "latch_32bit:latch_ins8|Q[18]" is permanently disabled
Warning (14025): LATCH primitive "latch_32bit:latch_ins8|Q[19]" is permanently disabled
Warning (14025): LATCH primitive "latch_32bit:latch_ins8|Q[20]" is permanently disabled
Warning (14025): LATCH primitive "latch_32bit:latch_ins8|Q[21]" is permanently disabled
Warning (14025): LATCH primitive "latch_32bit:latch_ins8|Q[22]" is permanently disabled
Warning (14025): LATCH primitive "latch_32bit:latch_ins8|Q[23]" is permanently disabled
Warning (14025): LATCH primitive "latch_32bit:latch_ins8|Q[24]" is permanently disabled
Warning (14025): LATCH primitive "latch_32bit:latch_ins8|Q[25]" is permanently disabled
Warning (14025): LATCH primitive "latch_32bit:latch_ins8|Q[26]" is permanently disabled
Warning (14025): LATCH primitive "latch_32bit:latch_ins8|Q[27]" is permanently disabled
Warning (14025): LATCH primitive "latch_32bit:latch_ins8|Q[28]" is permanently disabled
Warning (14025): LATCH primitive "latch_32bit:latch_ins8|Q[29]" is permanently disabled
Warning (14025): LATCH primitive "latch_32bit:latch_ins8|Q[30]" is permanently disabled
Warning (14025): LATCH primitive "latch_32bit:latch_ins8|Q[31]" is permanently disabled
Warning (14025): LATCH primitive "latch_32bit:latch_ins8|Q[0]" is permanently disabled
Warning (14025): LATCH primitive "register32:Orange|q[0]" is permanently disabled
Warning (14025): LATCH primitive "register32:Orange|q[1]" is permanently disabled
Warning (14025): LATCH primitive "register32:Orange|q[2]" is permanently disabled
Warning (14025): LATCH primitive "register32:Orange|q[3]" is permanently disabled
Warning (14025): LATCH primitive "register32:Orange|q[4]" is permanently disabled
Warning (14025): LATCH primitive "register32:Orange|q[5]" is permanently disabled
Warning (14025): LATCH primitive "register32:Orange|q[6]" is permanently disabled
Warning (14025): LATCH primitive "register32:Orange|q[7]" is permanently disabled
Warning (14025): LATCH primitive "register32:Orange|q[8]" is permanently disabled
Warning (14025): LATCH primitive "register32:Orange|q[9]" is permanently disabled
Warning (14025): LATCH primitive "register32:Orange|q[10]" is permanently disabled
Warning (14025): LATCH primitive "register32:Orange|q[11]" is permanently disabled
Warning (14025): LATCH primitive "register32:Orange|q[12]" is permanently disabled
Warning (14025): LATCH primitive "register32:Orange|q[13]" is permanently disabled
Warning (14025): LATCH primitive "register32:Orange|q[14]" is permanently disabled
Warning (14025): LATCH primitive "register32:Orange|q[15]" is permanently disabled
Warning (14025): LATCH primitive "register32:Orange|q[16]" is permanently disabled
Warning (14025): LATCH primitive "register32:Orange|q[17]" is permanently disabled
Warning (14025): LATCH primitive "register32:Orange|q[18]" is permanently disabled
Warning (14025): LATCH primitive "register32:Orange|q[19]" is permanently disabled
Warning (14025): LATCH primitive "register32:Orange|q[20]" is permanently disabled
Warning (14025): LATCH primitive "register32:Orange|q[21]" is permanently disabled
Warning (14025): LATCH primitive "register32:Orange|q[22]" is permanently disabled
Warning (14025): LATCH primitive "register32:Orange|q[23]" is permanently disabled
Warning (14025): LATCH primitive "register32:Orange|q[24]" is permanently disabled
Warning (14025): LATCH primitive "register32:Orange|q[25]" is permanently disabled
Warning (14025): LATCH primitive "register32:Orange|q[26]" is permanently disabled
Warning (14025): LATCH primitive "register32:Orange|q[27]" is permanently disabled
Warning (14025): LATCH primitive "register32:Orange|q[28]" is permanently disabled
Warning (14025): LATCH primitive "register32:Orange|q[29]" is permanently disabled
Warning (14025): LATCH primitive "register32:Orange|q[30]" is permanently disabled
Warning (14025): LATCH primitive "register32:Orange|q[31]" is permanently disabled
Warning (14025): LATCH primitive "latch_32bit:latch_ins2|Q[1]" is permanently disabled
Warning (14025): LATCH primitive "latch_32bit:latch_ins2|Q[2]" is permanently disabled
Warning (14025): LATCH primitive "latch_32bit:latch_ins2|Q[3]" is permanently disabled
Warning (14025): LATCH primitive "latch_32bit:latch_ins2|Q[4]" is permanently disabled
Warning (14025): LATCH primitive "latch_32bit:latch_ins2|Q[5]" is permanently disabled
Warning (14025): LATCH primitive "latch_32bit:latch_ins2|Q[6]" is permanently disabled
Warning (14025): LATCH primitive "latch_32bit:latch_ins2|Q[7]" is permanently disabled
Warning (14025): LATCH primitive "latch_32bit:latch_ins2|Q[8]" is permanently disabled
Warning (14025): LATCH primitive "latch_32bit:latch_ins2|Q[9]" is permanently disabled
Warning (14025): LATCH primitive "latch_32bit:latch_ins2|Q[10]" is permanently disabled
Warning (14025): LATCH primitive "latch_32bit:latch_ins2|Q[11]" is permanently disabled
Warning (14025): LATCH primitive "latch_32bit:latch_ins2|Q[12]" is permanently disabled
Warning (14025): LATCH primitive "latch_32bit:latch_ins2|Q[13]" is permanently disabled
Warning (14025): LATCH primitive "latch_32bit:latch_ins2|Q[14]" is permanently disabled
Warning (14025): LATCH primitive "latch_32bit:latch_ins2|Q[15]" is permanently disabled
Warning (14025): LATCH primitive "latch_32bit:latch_ins2|Q[16]" is permanently disabled
Warning (14025): LATCH primitive "latch_32bit:latch_ins2|Q[17]" is permanently disabled
Warning (14025): LATCH primitive "latch_32bit:latch_ins2|Q[18]" is permanently disabled
Warning (14025): LATCH primitive "latch_32bit:latch_ins2|Q[19]" is permanently disabled
Warning (14025): LATCH primitive "latch_32bit:latch_ins2|Q[20]" is permanently disabled
Warning (14025): LATCH primitive "latch_32bit:latch_ins2|Q[21]" is permanently disabled
Warning (14025): LATCH primitive "latch_32bit:latch_ins2|Q[22]" is permanently disabled
Warning (14025): LATCH primitive "latch_32bit:latch_ins2|Q[23]" is permanently disabled
Warning (14025): LATCH primitive "latch_32bit:latch_ins2|Q[24]" is permanently disabled
Warning (14025): LATCH primitive "latch_32bit:latch_ins2|Q[25]" is permanently disabled
Warning (14025): LATCH primitive "latch_32bit:latch_ins2|Q[26]" is permanently disabled
Warning (14025): LATCH primitive "latch_32bit:latch_ins2|Q[27]" is permanently disabled
Warning (14025): LATCH primitive "latch_32bit:latch_ins2|Q[28]" is permanently disabled
Warning (14025): LATCH primitive "latch_32bit:latch_ins2|Q[29]" is permanently disabled
Warning (14025): LATCH primitive "latch_32bit:latch_ins2|Q[30]" is permanently disabled
Warning (14025): LATCH primitive "latch_32bit:latch_ins2|Q[31]" is permanently disabled
Warning (14025): LATCH primitive "latch_32bit:latch_ins2|Q[0]" is permanently disabled
Warning (14025): LATCH primitive "register32:Blue|q[0]" is permanently disabled
Warning (14025): LATCH primitive "register32:Blue|q[1]" is permanently disabled
Warning (14025): LATCH primitive "register32:Blue|q[2]" is permanently disabled
Warning (14025): LATCH primitive "register32:Blue|q[3]" is permanently disabled
Warning (14025): LATCH primitive "register32:Blue|q[4]" is permanently disabled
Warning (14025): LATCH primitive "register32:Blue|q[5]" is permanently disabled
Warning (14025): LATCH primitive "register32:Blue|q[6]" is permanently disabled
Warning (14025): LATCH primitive "register32:Blue|q[7]" is permanently disabled
Warning (14025): LATCH primitive "register32:Blue|q[8]" is permanently disabled
Warning (14025): LATCH primitive "register32:Blue|q[9]" is permanently disabled
Warning (14025): LATCH primitive "register32:Blue|q[10]" is permanently disabled
Warning (14025): LATCH primitive "register32:Blue|q[11]" is permanently disabled
Warning (14025): LATCH primitive "register32:Blue|q[12]" is permanently disabled
Warning (14025): LATCH primitive "register32:Blue|q[13]" is permanently disabled
Warning (14025): LATCH primitive "register32:Blue|q[14]" is permanently disabled
Warning (14025): LATCH primitive "register32:Blue|q[15]" is permanently disabled
Warning (14025): LATCH primitive "register32:Blue|q[16]" is permanently disabled
Warning (14025): LATCH primitive "register32:Blue|q[17]" is permanently disabled
Warning (14025): LATCH primitive "register32:Blue|q[18]" is permanently disabled
Warning (14025): LATCH primitive "register32:Blue|q[19]" is permanently disabled
Warning (14025): LATCH primitive "register32:Blue|q[20]" is permanently disabled
Warning (14025): LATCH primitive "register32:Blue|q[21]" is permanently disabled
Warning (14025): LATCH primitive "register32:Blue|q[22]" is permanently disabled
Warning (14025): LATCH primitive "register32:Blue|q[23]" is permanently disabled
Warning (14025): LATCH primitive "register32:Blue|q[24]" is permanently disabled
Warning (14025): LATCH primitive "register32:Blue|q[25]" is permanently disabled
Warning (14025): LATCH primitive "register32:Blue|q[26]" is permanently disabled
Warning (14025): LATCH primitive "register32:Blue|q[27]" is permanently disabled
Warning (14025): LATCH primitive "register32:Blue|q[28]" is permanently disabled
Warning (14025): LATCH primitive "register32:Blue|q[29]" is permanently disabled
Warning (14025): LATCH primitive "register32:Blue|q[30]" is permanently disabled
Warning (14025): LATCH primitive "register32:Blue|q[31]" is permanently disabled
Warning (14025): LATCH primitive "latch_32bit:latch_ins5|Q[1]" is permanently disabled
Warning (14025): LATCH primitive "latch_32bit:latch_ins5|Q[2]" is permanently disabled
Warning (14025): LATCH primitive "latch_32bit:latch_ins5|Q[3]" is permanently disabled
Warning (14025): LATCH primitive "latch_32bit:latch_ins5|Q[4]" is permanently disabled
Warning (14025): LATCH primitive "latch_32bit:latch_ins5|Q[5]" is permanently disabled
Warning (14025): LATCH primitive "latch_32bit:latch_ins5|Q[6]" is permanently disabled
Warning (14025): LATCH primitive "latch_32bit:latch_ins5|Q[7]" is permanently disabled
Warning (14025): LATCH primitive "latch_32bit:latch_ins5|Q[8]" is permanently disabled
Warning (14025): LATCH primitive "latch_32bit:latch_ins5|Q[9]" is permanently disabled
Warning (14025): LATCH primitive "latch_32bit:latch_ins5|Q[10]" is permanently disabled
Warning (14025): LATCH primitive "latch_32bit:latch_ins5|Q[11]" is permanently disabled
Warning (14025): LATCH primitive "latch_32bit:latch_ins5|Q[12]" is permanently disabled
Warning (14025): LATCH primitive "latch_32bit:latch_ins5|Q[13]" is permanently disabled
Warning (14025): LATCH primitive "latch_32bit:latch_ins5|Q[14]" is permanently disabled
Warning (14025): LATCH primitive "latch_32bit:latch_ins5|Q[15]" is permanently disabled
Warning (14025): LATCH primitive "latch_32bit:latch_ins5|Q[16]" is permanently disabled
Warning (14025): LATCH primitive "latch_32bit:latch_ins5|Q[17]" is permanently disabled
Warning (14025): LATCH primitive "latch_32bit:latch_ins5|Q[18]" is permanently disabled
Warning (14025): LATCH primitive "latch_32bit:latch_ins5|Q[19]" is permanently disabled
Warning (14025): LATCH primitive "latch_32bit:latch_ins5|Q[20]" is permanently disabled
Warning (14025): LATCH primitive "latch_32bit:latch_ins5|Q[21]" is permanently disabled
Warning (14025): LATCH primitive "latch_32bit:latch_ins5|Q[22]" is permanently disabled
Warning (14025): LATCH primitive "latch_32bit:latch_ins5|Q[23]" is permanently disabled
Warning (14025): LATCH primitive "latch_32bit:latch_ins5|Q[24]" is permanently disabled
Warning (14025): LATCH primitive "latch_32bit:latch_ins5|Q[25]" is permanently disabled
Warning (14025): LATCH primitive "latch_32bit:latch_ins5|Q[26]" is permanently disabled
Warning (14025): LATCH primitive "latch_32bit:latch_ins5|Q[27]" is permanently disabled
Warning (14025): LATCH primitive "latch_32bit:latch_ins5|Q[28]" is permanently disabled
Warning (14025): LATCH primitive "latch_32bit:latch_ins5|Q[29]" is permanently disabled
Warning (14025): LATCH primitive "latch_32bit:latch_ins5|Q[30]" is permanently disabled
Warning (14025): LATCH primitive "latch_32bit:latch_ins5|Q[31]" is permanently disabled
Warning (14025): LATCH primitive "latch_32bit:latch_ins5|Q[0]" is permanently disabled
Warning (14025): LATCH primitive "register32:Yellow|q[0]" is permanently disabled
Warning (14025): LATCH primitive "register32:Yellow|q[1]" is permanently disabled
Warning (14025): LATCH primitive "register32:Yellow|q[2]" is permanently disabled
Warning (14025): LATCH primitive "register32:Yellow|q[3]" is permanently disabled
Warning (14025): LATCH primitive "register32:Yellow|q[4]" is permanently disabled
Warning (14025): LATCH primitive "register32:Yellow|q[5]" is permanently disabled
Warning (14025): LATCH primitive "register32:Yellow|q[6]" is permanently disabled
Warning (14025): LATCH primitive "register32:Yellow|q[7]" is permanently disabled
Warning (14025): LATCH primitive "register32:Yellow|q[8]" is permanently disabled
Warning (14025): LATCH primitive "register32:Yellow|q[9]" is permanently disabled
Warning (14025): LATCH primitive "register32:Yellow|q[10]" is permanently disabled
Warning (14025): LATCH primitive "register32:Yellow|q[11]" is permanently disabled
Warning (14025): LATCH primitive "register32:Yellow|q[12]" is permanently disabled
Warning (14025): LATCH primitive "register32:Yellow|q[13]" is permanently disabled
Warning (14025): LATCH primitive "register32:Yellow|q[14]" is permanently disabled
Warning (14025): LATCH primitive "register32:Yellow|q[15]" is permanently disabled
Warning (14025): LATCH primitive "register32:Yellow|q[16]" is permanently disabled
Warning (14025): LATCH primitive "register32:Yellow|q[17]" is permanently disabled
Warning (14025): LATCH primitive "register32:Yellow|q[18]" is permanently disabled
Warning (14025): LATCH primitive "register32:Yellow|q[19]" is permanently disabled
Warning (14025): LATCH primitive "register32:Yellow|q[20]" is permanently disabled
Warning (14025): LATCH primitive "register32:Yellow|q[21]" is permanently disabled
Warning (14025): LATCH primitive "register32:Yellow|q[22]" is permanently disabled
Warning (14025): LATCH primitive "register32:Yellow|q[23]" is permanently disabled
Warning (14025): LATCH primitive "register32:Yellow|q[24]" is permanently disabled
Warning (14025): LATCH primitive "register32:Yellow|q[25]" is permanently disabled
Warning (14025): LATCH primitive "register32:Yellow|q[26]" is permanently disabled
Warning (14025): LATCH primitive "register32:Yellow|q[27]" is permanently disabled
Warning (14025): LATCH primitive "register32:Yellow|q[28]" is permanently disabled
Warning (14025): LATCH primitive "register32:Yellow|q[29]" is permanently disabled
Warning (14025): LATCH primitive "register32:Yellow|q[30]" is permanently disabled
Warning (14025): LATCH primitive "register32:Yellow|q[31]" is permanently disabled
Warning (14025): LATCH primitive "latch_32bit:latch_ins4|Q[1]" is permanently disabled
Warning (14025): LATCH primitive "latch_32bit:latch_ins4|Q[2]" is permanently disabled
Warning (14025): LATCH primitive "latch_32bit:latch_ins4|Q[3]" is permanently disabled
Warning (14025): LATCH primitive "latch_32bit:latch_ins4|Q[4]" is permanently disabled
Warning (14025): LATCH primitive "latch_32bit:latch_ins4|Q[5]" is permanently disabled
Warning (14025): LATCH primitive "latch_32bit:latch_ins4|Q[6]" is permanently disabled
Warning (14025): LATCH primitive "latch_32bit:latch_ins4|Q[7]" is permanently disabled
Warning (14025): LATCH primitive "latch_32bit:latch_ins4|Q[8]" is permanently disabled
Warning (14025): LATCH primitive "latch_32bit:latch_ins4|Q[9]" is permanently disabled
Warning (14025): LATCH primitive "latch_32bit:latch_ins4|Q[10]" is permanently disabled
Warning (14025): LATCH primitive "latch_32bit:latch_ins4|Q[11]" is permanently disabled
Warning (14025): LATCH primitive "latch_32bit:latch_ins4|Q[12]" is permanently disabled
Warning (14025): LATCH primitive "latch_32bit:latch_ins4|Q[13]" is permanently disabled
Warning (14025): LATCH primitive "latch_32bit:latch_ins4|Q[14]" is permanently disabled
Warning (14025): LATCH primitive "latch_32bit:latch_ins4|Q[15]" is permanently disabled
Warning (14025): LATCH primitive "latch_32bit:latch_ins4|Q[16]" is permanently disabled
Warning (14025): LATCH primitive "latch_32bit:latch_ins4|Q[17]" is permanently disabled
Warning (14025): LATCH primitive "latch_32bit:latch_ins4|Q[18]" is permanently disabled
Warning (14025): LATCH primitive "latch_32bit:latch_ins4|Q[19]" is permanently disabled
Warning (14025): LATCH primitive "latch_32bit:latch_ins4|Q[20]" is permanently disabled
Warning (14025): LATCH primitive "latch_32bit:latch_ins4|Q[21]" is permanently disabled
Warning (14025): LATCH primitive "latch_32bit:latch_ins4|Q[22]" is permanently disabled
Warning (14025): LATCH primitive "latch_32bit:latch_ins4|Q[23]" is permanently disabled
Warning (14025): LATCH primitive "latch_32bit:latch_ins4|Q[24]" is permanently disabled
Warning (14025): LATCH primitive "latch_32bit:latch_ins4|Q[25]" is permanently disabled
Warning (14025): LATCH primitive "latch_32bit:latch_ins4|Q[26]" is permanently disabled
Warning (14025): LATCH primitive "latch_32bit:latch_ins4|Q[27]" is permanently disabled
Warning (14025): LATCH primitive "latch_32bit:latch_ins4|Q[28]" is permanently disabled
Warning (14025): LATCH primitive "latch_32bit:latch_ins4|Q[29]" is permanently disabled
Warning (14025): LATCH primitive "latch_32bit:latch_ins4|Q[30]" is permanently disabled
Warning (14025): LATCH primitive "latch_32bit:latch_ins4|Q[31]" is permanently disabled
Warning (14025): LATCH primitive "latch_32bit:latch_ins4|Q[0]" is permanently disabled
Warning (14025): LATCH primitive "multiplier_32bit:M2|S[14]" is permanently disabled
Warning (14025): LATCH primitive "multiplier_32bit:M2|S[13]" is permanently disabled
Warning (14025): LATCH primitive "multiplier_32bit:M2|S[12]" is permanently disabled
Warning (14025): LATCH primitive "multiplier_32bit:M2|S[11]" is permanently disabled
Warning (14025): LATCH primitive "multiplier_32bit:M2|S[10]" is permanently disabled
Warning (14025): LATCH primitive "multiplier_32bit:M2|S[9]" is permanently disabled
Warning (14025): LATCH primitive "multiplier_32bit:M2|S[8]" is permanently disabled
Warning (14025): LATCH primitive "multiplier_32bit:M2|S[7]" is permanently disabled
Warning (14025): LATCH primitive "multiplier_32bit:M2|S[6]" is permanently disabled
Warning (14025): LATCH primitive "multiplier_32bit:M2|S[5]" is permanently disabled
Warning (14025): LATCH primitive "multiplier_32bit:M2|S[4]" is permanently disabled
Warning (14025): LATCH primitive "multiplier_32bit:M2|S[3]" is permanently disabled
Warning (14025): LATCH primitive "multiplier_32bit:M2|S[2]" is permanently disabled
Warning (14025): LATCH primitive "multiplier_32bit:M2|S[1]" is permanently disabled
Warning (14025): LATCH primitive "multiplier_32bit:M2|S[0]" is permanently disabled
Warning (14025): LATCH primitive "multiplier_32bit:M2|S[16]" is permanently disabled
Warning (14025): LATCH primitive "multiplier_32bit:M2|S[17]" is permanently disabled
Warning (14025): LATCH primitive "multiplier_32bit:M2|S[18]" is permanently disabled
Warning (14025): LATCH primitive "multiplier_32bit:M2|S[19]" is permanently disabled
Warning (14025): LATCH primitive "multiplier_32bit:M2|S[20]" is permanently disabled
Warning (14025): LATCH primitive "multiplier_32bit:M2|S[21]" is permanently disabled
Warning (14025): LATCH primitive "multiplier_32bit:M2|S[22]" is permanently disabled
Warning (14025): LATCH primitive "multiplier_32bit:M2|S[23]" is permanently disabled
Warning (14025): LATCH primitive "multiplier_32bit:M2|S[24]" is permanently disabled
Warning (14025): LATCH primitive "multiplier_32bit:M2|S[25]" is permanently disabled
Warning (14025): LATCH primitive "multiplier_32bit:M2|S[26]" is permanently disabled
Warning (14025): LATCH primitive "multiplier_32bit:M2|S[27]" is permanently disabled
Warning (14025): LATCH primitive "multiplier_32bit:M2|S[28]" is permanently disabled
Warning (14025): LATCH primitive "multiplier_32bit:M2|S[29]" is permanently disabled
Warning (14025): LATCH primitive "multiplier_32bit:M2|S[30]" is permanently disabled
Warning (14025): LATCH primitive "multiplier_32bit:M2|S[31]" is permanently disabled
Warning (14025): LATCH primitive "multiplier_32bit:M2|Reg_x[15]" is permanently disabled
Warning (14025): LATCH primitive "register32:Red|q[0]" is permanently disabled
Warning (14025): LATCH primitive "register32:Red|q[1]" is permanently disabled
Warning (14025): LATCH primitive "register32:Red|q[2]" is permanently disabled
Warning (14025): LATCH primitive "register32:Red|q[3]" is permanently disabled
Warning (14025): LATCH primitive "register32:Red|q[4]" is permanently disabled
Warning (14025): LATCH primitive "register32:Red|q[5]" is permanently disabled
Warning (14025): LATCH primitive "register32:Red|q[6]" is permanently disabled
Warning (14025): LATCH primitive "register32:Red|q[7]" is permanently disabled
Warning (14025): LATCH primitive "register32:Red|q[8]" is permanently disabled
Warning (14025): LATCH primitive "register32:Red|q[9]" is permanently disabled
Warning (14025): LATCH primitive "register32:Red|q[10]" is permanently disabled
Warning (14025): LATCH primitive "register32:Red|q[11]" is permanently disabled
Warning (14025): LATCH primitive "register32:Red|q[12]" is permanently disabled
Warning (14025): LATCH primitive "register32:Red|q[13]" is permanently disabled
Warning (14025): LATCH primitive "register32:Red|q[14]" is permanently disabled
Warning (14025): LATCH primitive "register32:Red|q[15]" is permanently disabled
Warning (14025): LATCH primitive "register32:Red|q[16]" is permanently disabled
Warning (14025): LATCH primitive "register32:Red|q[17]" is permanently disabled
Warning (14025): LATCH primitive "register32:Red|q[18]" is permanently disabled
Warning (14025): LATCH primitive "register32:Red|q[19]" is permanently disabled
Warning (14025): LATCH primitive "register32:Red|q[20]" is permanently disabled
Warning (14025): LATCH primitive "register32:Red|q[21]" is permanently disabled
Warning (14025): LATCH primitive "register32:Red|q[22]" is permanently disabled
Warning (14025): LATCH primitive "register32:Red|q[23]" is permanently disabled
Warning (14025): LATCH primitive "register32:Red|q[24]" is permanently disabled
Warning (14025): LATCH primitive "register32:Red|q[25]" is permanently disabled
Warning (14025): LATCH primitive "register32:Red|q[26]" is permanently disabled
Warning (14025): LATCH primitive "register32:Red|q[27]" is permanently disabled
Warning (14025): LATCH primitive "register32:Red|q[28]" is permanently disabled
Warning (14025): LATCH primitive "register32:Red|q[29]" is permanently disabled
Warning (14025): LATCH primitive "register32:Red|q[30]" is permanently disabled
Warning (14025): LATCH primitive "register32:Red|q[31]" is permanently disabled
Warning (14025): LATCH primitive "multiplier_32bit:M1|S[14]" is permanently disabled
Warning (14025): LATCH primitive "multiplier_32bit:M1|S[13]" is permanently disabled
Warning (14025): LATCH primitive "multiplier_32bit:M1|S[12]" is permanently disabled
Warning (14025): LATCH primitive "multiplier_32bit:M1|S[11]" is permanently disabled
Warning (14025): LATCH primitive "multiplier_32bit:M1|S[10]" is permanently disabled
Warning (14025): LATCH primitive "multiplier_32bit:M1|S[9]" is permanently disabled
Warning (14025): LATCH primitive "multiplier_32bit:M1|S[8]" is permanently disabled
Warning (14025): LATCH primitive "multiplier_32bit:M1|S[7]" is permanently disabled
Warning (14025): LATCH primitive "multiplier_32bit:M1|S[6]" is permanently disabled
Warning (14025): LATCH primitive "multiplier_32bit:M1|S[5]" is permanently disabled
Warning (14025): LATCH primitive "multiplier_32bit:M1|S[4]" is permanently disabled
Warning (14025): LATCH primitive "multiplier_32bit:M1|S[3]" is permanently disabled
Warning (14025): LATCH primitive "multiplier_32bit:M1|S[2]" is permanently disabled
Warning (14025): LATCH primitive "multiplier_32bit:M1|S[1]" is permanently disabled
Warning (14025): LATCH primitive "multiplier_32bit:M1|S[0]" is permanently disabled
Warning (14025): LATCH primitive "multiplier_32bit:M1|S[16]" is permanently disabled
Warning (14025): LATCH primitive "multiplier_32bit:M1|S[17]" is permanently disabled
Warning (14025): LATCH primitive "multiplier_32bit:M1|S[18]" is permanently disabled
Warning (14025): LATCH primitive "multiplier_32bit:M1|S[19]" is permanently disabled
Warning (14025): LATCH primitive "multiplier_32bit:M1|S[20]" is permanently disabled
Warning (14025): LATCH primitive "multiplier_32bit:M1|S[21]" is permanently disabled
Warning (14025): LATCH primitive "multiplier_32bit:M1|S[22]" is permanently disabled
Warning (14025): LATCH primitive "multiplier_32bit:M1|S[23]" is permanently disabled
Warning (14025): LATCH primitive "multiplier_32bit:M1|S[24]" is permanently disabled
Warning (14025): LATCH primitive "multiplier_32bit:M1|S[25]" is permanently disabled
Warning (14025): LATCH primitive "multiplier_32bit:M1|S[26]" is permanently disabled
Warning (14025): LATCH primitive "multiplier_32bit:M1|S[27]" is permanently disabled
Warning (14025): LATCH primitive "multiplier_32bit:M1|S[28]" is permanently disabled
Warning (14025): LATCH primitive "multiplier_32bit:M1|S[29]" is permanently disabled
Warning (14025): LATCH primitive "multiplier_32bit:M1|S[30]" is permanently disabled
Warning (14025): LATCH primitive "multiplier_32bit:M1|S[31]" is permanently disabled
Warning (14025): LATCH primitive "multiplier_32bit:M1|Reg_x[15]" is permanently disabled
Warning (14025): LATCH primitive "register32:Green|q[0]" is permanently disabled
Warning (14025): LATCH primitive "register32:Green|q[1]" is permanently disabled
Warning (14025): LATCH primitive "register32:Green|q[2]" is permanently disabled
Warning (14025): LATCH primitive "register32:Green|q[3]" is permanently disabled
Warning (14025): LATCH primitive "register32:Green|q[4]" is permanently disabled
Warning (14025): LATCH primitive "register32:Green|q[5]" is permanently disabled
Warning (14025): LATCH primitive "register32:Green|q[6]" is permanently disabled
Warning (14025): LATCH primitive "register32:Green|q[7]" is permanently disabled
Warning (14025): LATCH primitive "register32:Green|q[8]" is permanently disabled
Warning (14025): LATCH primitive "register32:Green|q[9]" is permanently disabled
Warning (14025): LATCH primitive "register32:Green|q[10]" is permanently disabled
Warning (14025): LATCH primitive "register32:Green|q[11]" is permanently disabled
Warning (14025): LATCH primitive "register32:Green|q[12]" is permanently disabled
Warning (14025): LATCH primitive "register32:Green|q[13]" is permanently disabled
Warning (14025): LATCH primitive "register32:Green|q[14]" is permanently disabled
Warning (14025): LATCH primitive "register32:Green|q[15]" is permanently disabled
Warning (14025): LATCH primitive "register32:Green|q[16]" is permanently disabled
Warning (14025): LATCH primitive "register32:Green|q[17]" is permanently disabled
Warning (14025): LATCH primitive "register32:Green|q[18]" is permanently disabled
Warning (14025): LATCH primitive "register32:Green|q[19]" is permanently disabled
Warning (14025): LATCH primitive "register32:Green|q[20]" is permanently disabled
Warning (14025): LATCH primitive "register32:Green|q[21]" is permanently disabled
Warning (14025): LATCH primitive "register32:Green|q[22]" is permanently disabled
Warning (14025): LATCH primitive "register32:Green|q[23]" is permanently disabled
Warning (14025): LATCH primitive "register32:Green|q[24]" is permanently disabled
Warning (14025): LATCH primitive "register32:Green|q[25]" is permanently disabled
Warning (14025): LATCH primitive "register32:Green|q[26]" is permanently disabled
Warning (14025): LATCH primitive "register32:Green|q[27]" is permanently disabled
Warning (14025): LATCH primitive "register32:Green|q[28]" is permanently disabled
Warning (14025): LATCH primitive "register32:Green|q[29]" is permanently disabled
Warning (14025): LATCH primitive "register32:Green|q[30]" is permanently disabled
Warning (14025): LATCH primitive "register32:Green|q[31]" is permanently disabled
Warning (14025): LATCH primitive "adder_32bit:A1|temp[1]" is permanently disabled
Warning (14025): LATCH primitive "adder_32bit:A1|temp[2]" is permanently disabled
Warning (14025): LATCH primitive "adder_32bit:A1|temp[3]" is permanently disabled
Warning (14025): LATCH primitive "adder_32bit:A1|temp[4]" is permanently disabled
Warning (14025): LATCH primitive "adder_32bit:A1|temp[5]" is permanently disabled
Warning (14025): LATCH primitive "adder_32bit:A1|temp[6]" is permanently disabled
Warning (14025): LATCH primitive "adder_32bit:A1|temp[7]" is permanently disabled
Warning (14025): LATCH primitive "adder_32bit:A1|temp[8]" is permanently disabled
Warning (14025): LATCH primitive "adder_32bit:A1|temp[9]" is permanently disabled
Warning (14025): LATCH primitive "adder_32bit:A1|temp[10]" is permanently disabled
Warning (14025): LATCH primitive "adder_32bit:A1|temp[11]" is permanently disabled
Warning (14025): LATCH primitive "adder_32bit:A1|temp[12]" is permanently disabled
Warning (14025): LATCH primitive "adder_32bit:A1|temp[13]" is permanently disabled
Warning (14025): LATCH primitive "adder_32bit:A1|temp[14]" is permanently disabled
Warning (14025): LATCH primitive "adder_32bit:A1|temp[15]" is permanently disabled
Warning (14025): LATCH primitive "adder_32bit:A1|temp[16]" is permanently disabled
Warning (14025): LATCH primitive "adder_32bit:A1|temp[17]" is permanently disabled
Warning (14025): LATCH primitive "adder_32bit:A1|temp[18]" is permanently disabled
Warning (14025): LATCH primitive "adder_32bit:A1|temp[19]" is permanently disabled
Warning (14025): LATCH primitive "adder_32bit:A1|temp[20]" is permanently disabled
Warning (14025): LATCH primitive "adder_32bit:A1|temp[21]" is permanently disabled
Warning (14025): LATCH primitive "adder_32bit:A1|temp[22]" is permanently disabled
Warning (14025): LATCH primitive "adder_32bit:A1|temp[23]" is permanently disabled
Warning (14025): LATCH primitive "adder_32bit:A1|temp[24]" is permanently disabled
Warning (14025): LATCH primitive "adder_32bit:A1|temp[25]" is permanently disabled
Warning (14025): LATCH primitive "adder_32bit:A1|temp[26]" is permanently disabled
Warning (14025): LATCH primitive "adder_32bit:A1|temp[27]" is permanently disabled
Warning (14025): LATCH primitive "adder_32bit:A1|temp[28]" is permanently disabled
Warning (14025): LATCH primitive "adder_32bit:A1|temp[29]" is permanently disabled
Warning (14025): LATCH primitive "adder_32bit:A1|temp[30]" is permanently disabled
Warning (14025): LATCH primitive "adder_32bit:A1|temp[31]" is permanently disabled
Warning (14025): LATCH primitive "adder_32bit:A1|temp[0]" is permanently disabled
Warning (13024): Output pins are stuck at VCC or GND
    Warning (13410): Pin "output[31]" is stuck at GND
    Warning (13410): Pin "output[30]" is stuck at GND
    Warning (13410): Pin "output[29]" is stuck at GND
    Warning (13410): Pin "output[28]" is stuck at GND
    Warning (13410): Pin "output[27]" is stuck at GND
    Warning (13410): Pin "output[26]" is stuck at GND
    Warning (13410): Pin "output[25]" is stuck at GND
    Warning (13410): Pin "output[24]" is stuck at GND
    Warning (13410): Pin "output[23]" is stuck at GND
    Warning (13410): Pin "output[22]" is stuck at GND
    Warning (13410): Pin "output[21]" is stuck at GND
    Warning (13410): Pin "output[20]" is stuck at GND
    Warning (13410): Pin "output[19]" is stuck at GND
    Warning (13410): Pin "output[18]" is stuck at GND
    Warning (13410): Pin "output[17]" is stuck at GND
    Warning (13410): Pin "output[16]" is stuck at GND
    Warning (13410): Pin "output[15]" is stuck at GND
    Warning (13410): Pin "output[14]" is stuck at GND
    Warning (13410): Pin "output[13]" is stuck at GND
    Warning (13410): Pin "output[12]" is stuck at GND
    Warning (13410): Pin "output[11]" is stuck at GND
    Warning (13410): Pin "output[10]" is stuck at GND
    Warning (13410): Pin "output[9]" is stuck at GND
    Warning (13410): Pin "output[8]" is stuck at GND
    Warning (13410): Pin "output[7]" is stuck at GND
    Warning (13410): Pin "output[6]" is stuck at GND
    Warning (13410): Pin "output[5]" is stuck at GND
    Warning (13410): Pin "output[4]" is stuck at GND
    Warning (13410): Pin "output[3]" is stuck at GND
    Warning (13410): Pin "output[2]" is stuck at GND
    Warning (13410): Pin "output[1]" is stuck at GND
    Warning (13410): Pin "output[0]" is stuck at GND
Info (16010): Generating hard_block partition "hard_block:auto_generated_inst"
    Info (16011): Adding 0 node(s), including 0 DDIO, 0 PLL, 0 transceiver and 0 LCELL
Warning (21074): Design contains 128 input pin(s) that do not drive logic
    Warning (15610): No output dependent on input pin "input2[31]"
    Warning (15610): No output dependent on input pin "input2[30]"
    Warning (15610): No output dependent on input pin "input2[29]"
    Warning (15610): No output dependent on input pin "input2[28]"
    Warning (15610): No output dependent on input pin "input2[27]"
    Warning (15610): No output dependent on input pin "input2[26]"
    Warning (15610): No output dependent on input pin "input2[25]"
    Warning (15610): No output dependent on input pin "input2[24]"
    Warning (15610): No output dependent on input pin "input2[23]"
    Warning (15610): No output dependent on input pin "input2[22]"
    Warning (15610): No output dependent on input pin "input2[21]"
    Warning (15610): No output dependent on input pin "input2[20]"
    Warning (15610): No output dependent on input pin "input2[19]"
    Warning (15610): No output dependent on input pin "input2[18]"
    Warning (15610): No output dependent on input pin "input2[17]"
    Warning (15610): No output dependent on input pin "input2[16]"
    Warning (15610): No output dependent on input pin "input2[15]"
    Warning (15610): No output dependent on input pin "input2[14]"
    Warning (15610): No output dependent on input pin "input2[13]"
    Warning (15610): No output dependent on input pin "input2[12]"
    Warning (15610): No output dependent on input pin "input2[11]"
    Warning (15610): No output dependent on input pin "input2[10]"
    Warning (15610): No output dependent on input pin "input2[9]"
    Warning (15610): No output dependent on input pin "input2[8]"
    Warning (15610): No output dependent on input pin "input2[7]"
    Warning (15610): No output dependent on input pin "input2[6]"
    Warning (15610): No output dependent on input pin "input2[5]"
    Warning (15610): No output dependent on input pin "input2[4]"
    Warning (15610): No output dependent on input pin "input2[3]"
    Warning (15610): No output dependent on input pin "input2[2]"
    Warning (15610): No output dependent on input pin "input2[1]"
    Warning (15610): No output dependent on input pin "input2[0]"
    Warning (15610): No output dependent on input pin "input1[31]"
    Warning (15610): No output dependent on input pin "input1[30]"
    Warning (15610): No output dependent on input pin "input1[29]"
    Warning (15610): No output dependent on input pin "input1[28]"
    Warning (15610): No output dependent on input pin "input1[27]"
    Warning (15610): No output dependent on input pin "input1[26]"
    Warning (15610): No output dependent on input pin "input1[25]"
    Warning (15610): No output dependent on input pin "input1[24]"
    Warning (15610): No output dependent on input pin "input1[23]"
    Warning (15610): No output dependent on input pin "input1[22]"
    Warning (15610): No output dependent on input pin "input1[21]"
    Warning (15610): No output dependent on input pin "input1[20]"
    Warning (15610): No output dependent on input pin "input1[19]"
    Warning (15610): No output dependent on input pin "input1[18]"
    Warning (15610): No output dependent on input pin "input1[17]"
    Warning (15610): No output dependent on input pin "input1[16]"
    Warning (15610): No output dependent on input pin "input1[15]"
    Warning (15610): No output dependent on input pin "input1[14]"
    Warning (15610): No output dependent on input pin "input1[13]"
    Warning (15610): No output dependent on input pin "input1[12]"
    Warning (15610): No output dependent on input pin "input1[11]"
    Warning (15610): No output dependent on input pin "input1[10]"
    Warning (15610): No output dependent on input pin "input1[9]"
    Warning (15610): No output dependent on input pin "input1[8]"
    Warning (15610): No output dependent on input pin "input1[7]"
    Warning (15610): No output dependent on input pin "input1[6]"
    Warning (15610): No output dependent on input pin "input1[5]"
    Warning (15610): No output dependent on input pin "input1[4]"
    Warning (15610): No output dependent on input pin "input1[3]"
    Warning (15610): No output dependent on input pin "input1[2]"
    Warning (15610): No output dependent on input pin "input1[1]"
    Warning (15610): No output dependent on input pin "input1[0]"
    Warning (15610): No output dependent on input pin "input4[31]"
    Warning (15610): No output dependent on input pin "input4[30]"
    Warning (15610): No output dependent on input pin "input4[29]"
    Warning (15610): No output dependent on input pin "input4[28]"
    Warning (15610): No output dependent on input pin "input4[27]"
    Warning (15610): No output dependent on input pin "input4[26]"
    Warning (15610): No output dependent on input pin "input4[25]"
    Warning (15610): No output dependent on input pin "input4[24]"
    Warning (15610): No output dependent on input pin "input4[23]"
    Warning (15610): No output dependent on input pin "input4[22]"
    Warning (15610): No output dependent on input pin "input4[21]"
    Warning (15610): No output dependent on input pin "input4[20]"
    Warning (15610): No output dependent on input pin "input4[19]"
    Warning (15610): No output dependent on input pin "input4[18]"
    Warning (15610): No output dependent on input pin "input4[17]"
    Warning (15610): No output dependent on input pin "input4[16]"
    Warning (15610): No output dependent on input pin "input4[15]"
    Warning (15610): No output dependent on input pin "input4[14]"
    Warning (15610): No output dependent on input pin "input4[13]"
    Warning (15610): No output dependent on input pin "input4[12]"
    Warning (15610): No output dependent on input pin "input4[11]"
    Warning (15610): No output dependent on input pin "input4[10]"
    Warning (15610): No output dependent on input pin "input4[9]"
    Warning (15610): No output dependent on input pin "input4[8]"
    Warning (15610): No output dependent on input pin "input4[7]"
    Warning (15610): No output dependent on input pin "input4[6]"
    Warning (15610): No output dependent on input pin "input4[5]"
    Warning (15610): No output dependent on input pin "input4[4]"
    Warning (15610): No output dependent on input pin "input4[3]"
    Warning (15610): No output dependent on input pin "input4[2]"
    Warning (15610): No output dependent on input pin "input4[1]"
    Warning (15610): No output dependent on input pin "input4[0]"
    Warning (15610): No output dependent on input pin "input3[31]"
    Warning (15610): No output dependent on input pin "input3[30]"
    Warning (15610): No output dependent on input pin "input3[29]"
    Warning (15610): No output dependent on input pin "input3[28]"
    Warning (15610): No output dependent on input pin "input3[27]"
    Warning (15610): No output dependent on input pin "input3[26]"
    Warning (15610): No output dependent on input pin "input3[25]"
    Warning (15610): No output dependent on input pin "input3[24]"
    Warning (15610): No output dependent on input pin "input3[23]"
    Warning (15610): No output dependent on input pin "input3[22]"
    Warning (15610): No output dependent on input pin "input3[21]"
    Warning (15610): No output dependent on input pin "input3[20]"
    Warning (15610): No output dependent on input pin "input3[19]"
    Warning (15610): No output dependent on input pin "input3[18]"
    Warning (15610): No output dependent on input pin "input3[17]"
    Warning (15610): No output dependent on input pin "input3[16]"
    Warning (15610): No output dependent on input pin "input3[15]"
    Warning (15610): No output dependent on input pin "input3[14]"
    Warning (15610): No output dependent on input pin "input3[13]"
    Warning (15610): No output dependent on input pin "input3[12]"
    Warning (15610): No output dependent on input pin "input3[11]"
    Warning (15610): No output dependent on input pin "input3[10]"
    Warning (15610): No output dependent on input pin "input3[9]"
    Warning (15610): No output dependent on input pin "input3[8]"
    Warning (15610): No output dependent on input pin "input3[7]"
    Warning (15610): No output dependent on input pin "input3[6]"
    Warning (15610): No output dependent on input pin "input3[5]"
    Warning (15610): No output dependent on input pin "input3[4]"
    Warning (15610): No output dependent on input pin "input3[3]"
    Warning (15610): No output dependent on input pin "input3[2]"
    Warning (15610): No output dependent on input pin "input3[1]"
    Warning (15610): No output dependent on input pin "input3[0]"
Info (21057): Implemented 160 device resources after synthesis - the final resource count might be different
    Info (21058): Implemented 128 input pins
    Info (21059): Implemented 32 output pins
Info: Quartus II 64-Bit Analysis & Synthesis was successful. 0 errors, 555 warnings
    Info: Peak virtual memory: 4688 megabytes
    Info: Processing ended: Thu May 05 17:35:27 2022
    Info: Elapsed time: 00:00:02
    Info: Total CPU time (on all processors): 00:00:02


